<?xml version="1.0" encoding="UTF-8"?>
<testsuite xmlns:xsi="http://www.w3.org/2001/XMLSchema-instance" xsi:noNamespaceSchemaLocation="https://maven.apache.org/surefire/maven-surefire-plugin/xsd/surefire-test-report.xsd" name="com.mycompany.maven.HelloTest" time="0.003" tests="4" errors="0" skipped="0" failures="0">
  <properties>
    <property name="sun.desktop" value="windows"/>
    <property name="awt.toolkit" value="sun.awt.windows.WToolkit"/>
    <property name="file.encoding.pkg" value="sun.io"/>
    <property name="java.specification.version" value="1.8"/>
    <property name="sun.cpu.isalist" value="amd64"/>
    <property name="sun.jnu.encoding" value="Cp1252"/>
    <property name="java.class.path" value="C:\Users\asthag\Desktop\multi-module\user\target\test-classes;C:\Users\asthag\Desktop\multi-module\user\target\classes;C:\Users\asthag\.m2\repository\junit\junit\4.11\junit-4.11.jar;C:\Users\asthag\.m2\repository\org\junit\jupiter\junit-jupiter-api\5.2.0\junit-jupiter-api-5.2.0.jar;C:\Users\asthag\.m2\repository\org\apiguardian\apiguardian-api\1.0.0\apiguardian-api-1.0.0.jar;C:\Users\asthag\.m2\repository\org\opentest4j\opentest4j\1.1.0\opentest4j-1.1.0.jar;C:\Users\asthag\.m2\repository\org\junit\platform\junit-platform-commons\1.2.0\junit-platform-commons-1.2.0.jar;C:\Users\asthag\.m2\repository\org\junit\jupiter\junit-jupiter-params\5.2.0\junit-jupiter-params-5.2.0.jar;C:\Users\asthag\.m2\repository\org\junit\jupiter\junit-jupiter-engine\5.2.0\junit-jupiter-engine-5.2.0.jar;C:\Users\asthag\.m2\repository\org\junit\platform\junit-platform-engine\1.2.0\junit-platform-engine-1.2.0.jar;C:\Users\asthag\.m2\repository\org\hamcrest\hamcrest-core\1.3\hamcrest-core-1.3.jar;C:\Users\asthag\.m2\repository\org\mockito\mockito-junit-jupiter\2.21.0\mockito-junit-jupiter-2.21.0.jar;C:\Users\asthag\.m2\repository\org\mockito\mockito-core\2.21.0\mockito-core-2.21.0.jar;C:\Users\asthag\.m2\repository\net\bytebuddy\byte-buddy\1.8.15\byte-buddy-1.8.15.jar;C:\Users\asthag\.m2\repository\net\bytebuddy\byte-buddy-agent\1.8.15\byte-buddy-agent-1.8.15.jar;C:\Users\asthag\.m2\repository\org\objenesis\objenesis\2.6\objenesis-2.6.jar;"/>
    <property name="java.vm.vendor" value="Oracle Corporation"/>
    <property name="sun.arch.data.model" value="64"/>
    <property name="user.variant" value=""/>
    <property name="java.vendor.url" value="http://java.oracle.com/"/>
    <property name="user.timezone" value="Asia/Calcutta"/>
    <property name="java.vm.specification.version" value="1.8"/>
    <property name="os.name" value="Windows 10"/>
    <property name="user.country" value="US"/>
    <property name="sun.java.launcher" value="SUN_STANDARD"/>
    <property name="sun.boot.library.path" value="D:\Softwares_Required\Java\jdk1.8.0_161\jre\bin"/>
    <property name="sun.java.command" value="C:\Users\asthag\AppData\Local\Temp\surefire8058786444700193568\surefirebooter3473779314030963293.jar C:\Users\asthag\AppData\Local\Temp\surefire8058786444700193568 2022-08-02T17-56-33_635-jvmRun1 surefire8821450199430797602tmp surefire_0312196143025518993tmp"/>
    <property name="surefire.test.class.path" value="C:\Users\asthag\Desktop\multi-module\user\target\test-classes;C:\Users\asthag\Desktop\multi-module\user\target\classes;C:\Users\asthag\.m2\repository\junit\junit\4.11\junit-4.11.jar;C:\Users\asthag\.m2\repository\org\junit\jupiter\junit-jupiter-api\5.2.0\junit-jupiter-api-5.2.0.jar;C:\Users\asthag\.m2\repository\org\apiguardian\apiguardian-api\1.0.0\apiguardian-api-1.0.0.jar;C:\Users\asthag\.m2\repository\org\opentest4j\opentest4j\1.1.0\opentest4j-1.1.0.jar;C:\Users\asthag\.m2\repository\org\junit\platform\junit-platform-commons\1.2.0\junit-platform-commons-1.2.0.jar;C:\Users\asthag\.m2\repository\org\junit\jupiter\junit-jupiter-params\5.2.0\junit-jupiter-params-5.2.0.jar;C:\Users\asthag\.m2\repository\org\junit\jupiter\junit-jupiter-engine\5.2.0\junit-jupiter-engine-5.2.0.jar;C:\Users\asthag\.m2\repository\org\junit\platform\junit-platform-engine\1.2.0\junit-platform-engine-1.2.0.jar;C:\Users\asthag\.m2\repository\org\hamcrest\hamcrest-core\1.3\hamcrest-core-1.3.jar;C:\Users\asthag\.m2\repository\org\mockito\mockito-junit-jupiter\2.21.0\mockito-junit-jupiter-2.21.0.jar;C:\Users\asthag\.m2\repository\org\mockito\mockito-core\2.21.0\mockito-core-2.21.0.jar;C:\Users\asthag\.m2\repository\net\bytebuddy\byte-buddy\1.8.15\byte-buddy-1.8.15.jar;C:\Users\asthag\.m2\repository\net\bytebuddy\byte-buddy-agent\1.8.15\byte-buddy-agent-1.8.15.jar;C:\Users\asthag\.m2\repository\org\objenesis\objenesis\2.6\objenesis-2.6.jar;"/>
    <property name="sun.cpu.endian" value="little"/>
    <property name="user.home" value="C:\Users\asthag"/>
    <property name="user.language" value="en"/>
    <property name="java.specification.vendor" value="Oracle Corporation"/>
    <property name="java.home" value="D:\Softwares_Required\Java\jdk1.8.0_161\jre"/>
    <property name="basedir" value="C:\Users\asthag\Desktop\multi-module\user"/>
    <property name="file.separator" value="\"/>
    <property name="line.separator" value="&#10;"/>
    <property name="java.vm.specification.vendor" value="Oracle Corporation"/>
    <property name="java.specification.name" value="Java Platform API Specification"/>
    <property name="java.awt.graphicsenv" value="sun.awt.Win32GraphicsEnvironment"/>
    <property name="surefire.real.class.path" value="C:\Users\asthag\AppData\Local\Temp\surefire8058786444700193568\surefirebooter3473779314030963293.jar;C:\\Users\\asthag\\.m2\\repository\\org\\jacoco\\org.jacoco.agent\\0.8.1\\org.jacoco.agent-0.8.1-runtime.jar"/>
    <property name="sun.boot.class.path" value="D:\Softwares_Required\Java\jdk1.8.0_161\jre\lib\resources.jar;D:\Softwares_Required\Java\jdk1.8.0_161\jre\lib\rt.jar;D:\Softwares_Required\Java\jdk1.8.0_161\jre\lib\sunrsasign.jar;D:\Softwares_Required\Java\jdk1.8.0_161\jre\lib\jsse.jar;D:\Softwares_Required\Java\jdk1.8.0_161\jre\lib\jce.jar;D:\Softwares_Required\Java\jdk1.8.0_161\jre\lib\charsets.jar;D:\Softwares_Required\Java\jdk1.8.0_161\jre\lib\jfr.jar;D:\Softwares_Required\Java\jdk1.8.0_161\jre\classes"/>
    <property name="user.script" value=""/>
    <property name="sun.management.compiler" value="HotSpot 64-Bit Tiered Compilers"/>
    <property name="java.runtime.version" value="1.8.0_161-b12"/>
    <property name="user.name" value="asthag"/>
    <property name="path.separator" value=";"/>
    <property name="os.version" value="10.0"/>
    <property name="java.endorsed.dirs" value="D:\Softwares_Required\Java\jdk1.8.0_161\jre\lib\endorsed"/>
    <property name="java.runtime.name" value="Java(TM) SE Runtime Environment"/>
    <property name="file.encoding" value="Cp1252"/>
    <property name="java.vm.name" value="Java HotSpot(TM) 64-Bit Server VM"/>
    <property name="localRepository" value="C:\Users\asthag\.m2\repository"/>
    <property name="java.vendor.url.bug" value="http://bugreport.sun.com/bugreport/"/>
    <property name="java.io.tmpdir" value="C:\Users\asthag\AppData\Local\Temp\"/>
    <property name="java.version" value="1.8.0_161"/>
    <property name="user.dir" value="C:\Users\asthag\Desktop\multi-module\user"/>
    <property name="os.arch" value="amd64"/>
    <property name="java.vm.specification.name" value="Java Virtual Machine Specification"/>
    <property name="java.awt.printerjob" value="sun.awt.windows.WPrinterJob"/>
    <property name="sun.os.patch.level" value=""/>
    <property name="java.library.path" value="D:\Softwares_Required\Java\jdk1.8.0_161\jre\bin;C:\Windows\Sun\Java\bin;C:\Windows\system32;C:\Windows;D:\Softwares_Required\Java\jdk1.8.0_161\bin;D:\Softwares_Required\Java\jdk1.8.0_161\bin;D:\Softwares_Required\gradle-7.2\bin;D:\Softwares_Required\Java\jdk-11.0.9\bin;D:\Softwares_Required\apache-maven-3.6.3\bin;D:\Softwares_Required\sonar-scanner-4.1.0.1829-windows\bin;C:\Program Files (x86)\Zend\ZendServer\php\active\lib;C:\Program Files (x86)\Zend\ZendServer\php\active\bin;C:\Program Files\Git\bin;C:\Users\asthag\Downloads\sonar;C:\Program Files (x86)\Common Files\Oracle\Java\javapath;C:\Program Files\Common Files\Oracle\Java\javapath;C:\Program Files (x86)\VMware\VMware Workstation\bin\;C:\Windows\system32;C:\Windows;C:\Windows\System32\Wbem;C:\Windows\System32\WindowsPowerShell\v1.0\;C:\Windows\System32\OpenSSH\;D:\Softwares_Required\nodejs;C:\Program Files (x86)\CheckPoint\Endpoint Security\Endpoint Common\bin;C:\Program Files\Docker\Docker\resources\bin;C:\Program Files\Git\cmd;C:\ProgramData\DockerDesktop\version-bin;C:\Program Files\TortoiseGit\bin;D:\Softwares_Required\composer;C:\Program Files (x86)\sbt\bin;D:\Softwares_Required\Git\bin;D:\Softwares_Required\;C:\Program Files\PuTTY\;C:\Windows\Microsoft.NET\Framework\v4.0.30319;C:\Program Files\dotnet\;Downloads\nuget.exe;C:\Windows\system32\jf.exe;C:\Users\asthag\AppData\Local\Microsoft\WindowsApps;C:\Users\asthag\AppData\Roaming\npm;C:\Users\asthag\AppData\Local\Programs\Microsoft VS Code\bin;C:\Users\asthag\AppData\Roaming\Composer\vendor\bin;C:\Users\asthag\.dotnet\tools;."/>
    <property name="java.vm.info" value="mixed mode"/>
    <property name="java.vendor" value="Oracle Corporation"/>
    <property name="java.vm.version" value="25.161-b12"/>
    <property name="java.ext.dirs" value="D:\Softwares_Required\Java\jdk1.8.0_161\jre\lib\ext;C:\Windows\Sun\Java\lib\ext"/>
    <property name="sun.io.unicode.encoding" value="UnicodeLittle"/>
    <property name="java.class.version" value="52.0"/>
  </properties>
  <testcase name="testIllegalArgumentForHelloNegative" classname="com.mycompany.maven.HelloTest" time="0"/>
  <testcase name="testSayHello" classname="com.mycompany.maven.HelloTest" time="0"/>
  <testcase name="testSayHelloAFewTimes" classname="com.mycompany.maven.HelloTest" time="0"/>
  <testcase name="testIllegalArgumentForHelloTooMuch" classname="com.mycompany.maven.HelloTest" time="0"/>
</testsuite>